[  1392.853] 
X.Org X Server 1.21.1.3
X Protocol Version 11, Revision 0
[  1392.854] Current Operating System: Linux pingwin 5.15.0-52-generic #58-Ubuntu SMP Thu Oct 13 08:03:55 UTC 2022 x86_64
[  1392.854] Kernel command line: BOOT_IMAGE=/boot/vmlinuz-5.15.0-52-generic root=UUID=ddca51a7-bdc7-42e4-9168-96ecb6302654 ro quiet splash
[  1392.854] xorg-server 2:21.1.3-2ubuntu2.1 (For technical support please see http://www.ubuntu.com/support) 
[  1392.854] Current version of pixman: 0.40.0
[  1392.854] 	Before reporting problems, check http://wiki.x.org
	to make sure that you have the latest version.
[  1392.854] Markers: (--) probed, (**) from config file, (==) default setting,
	(++) from command line, (!!) notice, (II) informational,
	(WW) warning, (EE) error, (NI) not implemented, (??) unknown.
[  1392.855] (==) Log file: "/home/erne/.local/share/xorg/Xorg.1.log", Time: Tue Oct 25 20:13:45 2022
[  1392.855] (==) Using system config directory "/usr/share/X11/xorg.conf.d"
[  1392.855] (==) No Layout section.  Using the first Screen section.
[  1392.855] (==) No screen section available. Using defaults.
[  1392.855] (**) |-->Screen "Default Screen Section" (0)
[  1392.855] (**) |   |-->Monitor "<default monitor>"
[  1392.855] (==) No monitor specified for screen "Default Screen Section".
	Using a default monitor configuration.
[  1392.855] (==) Automatically adding devices
[  1392.855] (==) Automatically enabling devices
[  1392.855] (==) Automatically adding GPU devices
[  1392.855] (==) Automatically binding GPU devices
[  1392.855] (==) Max clients allowed: 256, resource mask: 0x1fffff
[  1392.856] (WW) The directory "/usr/share/fonts/X11/cyrillic" does not exist.
[  1392.856] 	Entry deleted from font path.
[  1392.856] (WW) The directory "/usr/share/fonts/X11/100dpi/" does not exist.
[  1392.856] 	Entry deleted from font path.
[  1392.856] (WW) The directory "/usr/share/fonts/X11/75dpi/" does not exist.
[  1392.856] 	Entry deleted from font path.
[  1392.856] (WW) The directory "/usr/share/fonts/X11/100dpi" does not exist.
[  1392.856] 	Entry deleted from font path.
[  1392.856] (WW) The directory "/usr/share/fonts/X11/75dpi" does not exist.
[  1392.856] 	Entry deleted from font path.
[  1392.856] (==) FontPath set to:
	/usr/share/fonts/X11/misc,
	/usr/share/fonts/X11/Type1,
	built-ins
[  1392.856] (==) ModulePath set to "/usr/lib/xorg/modules"
[  1392.856] (II) The server relies on udev to provide the list of input devices.
	If no devices become available, reconfigure udev or disable AutoAddDevices.
[  1392.856] (II) Loader magic: 0x55e961787020
[  1392.856] (II) Module ABI versions:
[  1392.856] 	X.Org ANSI C Emulation: 0.4
[  1392.856] 	X.Org Video Driver: 25.2
[  1392.856] 	X.Org XInput driver : 24.4
[  1392.856] 	X.Org Server Extension : 10.0
[  1392.857] (++) using VT number 2

[  1392.859] (II) systemd-logind: took control of session /org/freedesktop/login1/session/_35
[  1392.859] (II) xfree86: Adding drm device (/dev/dri/card0)
[  1392.859] (II) Platform probe for /sys/devices/pci0000:00/0000:00:02.0/drm/card0
[  1392.860] (II) systemd-logind: got fd for /dev/dri/card0 226:0 fd 13 paused 0
[  1392.863] (--) PCI:*(0@0:2:0) 8086:3ea0:1028:08ca rev 2, Mem @ 0xc0000000/16777216, 0xb0000000/268435456, I/O @ 0x00004000/64, BIOS @ 0x????????/131072
[  1392.863] (II) LoadModule: "glx"
[  1392.863] (II) Loading /usr/lib/xorg/modules/extensions/libglx.so
[  1392.864] (II) Module glx: vendor="X.Org Foundation"
[  1392.864] 	compiled for 1.21.1.3, module version = 1.0.0
[  1392.864] 	ABI class: X.Org Server Extension, version 10.0
[  1392.864] (==) Matched modesetting as autoconfigured driver 0
[  1392.864] (==) Matched fbdev as autoconfigured driver 1
[  1392.864] (==) Matched vesa as autoconfigured driver 2
[  1392.864] (==) Assigned the driver to the xf86ConfigLayout
[  1392.864] (II) LoadModule: "modesetting"
[  1392.864] (II) Loading /usr/lib/xorg/modules/drivers/modesetting_drv.so
[  1392.864] (II) Module modesetting: vendor="X.Org Foundation"
[  1392.864] 	compiled for 1.21.1.3, module version = 1.21.1
[  1392.864] 	Module class: X.Org Video Driver
[  1392.864] 	ABI class: X.Org Video Driver, version 25.2
[  1392.864] (II) LoadModule: "fbdev"
[  1392.865] (II) Loading /usr/lib/xorg/modules/drivers/fbdev_drv.so
[  1392.865] (II) Module fbdev: vendor="X.Org Foundation"
[  1392.865] 	compiled for 1.21.1.3, module version = 0.5.0
[  1392.865] 	Module class: X.Org Video Driver
[  1392.865] 	ABI class: X.Org Video Driver, version 25.2
[  1392.865] (II) LoadModule: "vesa"
[  1392.865] (II) Loading /usr/lib/xorg/modules/drivers/vesa_drv.so
[  1392.865] (II) Module vesa: vendor="X.Org Foundation"
[  1392.865] 	compiled for 1.21.1.3, module version = 2.5.0
[  1392.865] 	Module class: X.Org Video Driver
[  1392.865] 	ABI class: X.Org Video Driver, version 25.2
[  1392.865] (II) modesetting: Driver for Modesetting Kernel Drivers: kms
[  1392.865] (II) FBDEV: driver for framebuffer: fbdev
[  1392.865] (II) VESA: driver for VESA chipsets: vesa
[  1392.865] xf86EnableIO: failed to enable I/O ports 0000-03ff (Operation not permitted)
[  1392.865] (II) modeset(0): using drv /dev/dri/card0
[  1392.865] (WW) Falling back to old probe method for fbdev
[  1392.865] (II) Loading sub module "fbdevhw"
[  1392.865] (II) LoadModule: "fbdevhw"
[  1392.865] (II) Loading /usr/lib/xorg/modules/libfbdevhw.so
[  1392.865] (II) Module fbdevhw: vendor="X.Org Foundation"
[  1392.865] 	compiled for 1.21.1.3, module version = 0.0.2
[  1392.865] 	ABI class: X.Org Video Driver, version 25.2
[  1392.865] (EE) open /dev/fb0: Permission denied
[  1392.865] (WW) VGA arbiter: cannot open kernel arbiter, no multi-card support
[  1392.866] (II) modeset(0): Creating default Display subsection in Screen section
	"Default Screen Section" for depth/fbbpp 24/32
[  1392.866] (==) modeset(0): Depth 24, (==) framebuffer bpp 32
[  1392.866] (==) modeset(0): RGB weight 888
[  1392.866] (==) modeset(0): Default visual is TrueColor
[  1392.866] (II) Loading sub module "glamoregl"
[  1392.866] (II) LoadModule: "glamoregl"
[  1392.866] (II) Loading /usr/lib/xorg/modules/libglamoregl.so
[  1392.871] (II) Module glamoregl: vendor="X.Org Foundation"
[  1392.871] 	compiled for 1.21.1.3, module version = 1.0.1
[  1392.871] 	ABI class: X.Org ANSI C Emulation, version 0.4
[  1392.897] (II) modeset(0): glamor X acceleration enabled on Mesa Intel(R) UHD Graphics 620 (WHL GT2)
[  1392.897] (II) modeset(0): glamor initialized
[  1392.897] (==) modeset(0): VariableRefresh: disabled
[  1392.897] (==) modeset(0): AsyncFlipSecondaries: disabled
[  1392.898] (II) modeset(0): Output eDP-1 has no monitor section
[  1392.908] (II) modeset(0): Output HDMI-1 has no monitor section
[  1392.910] (II) modeset(0): EDID for output eDP-1
[  1392.910] (II) modeset(0): Manufacturer: BOE  Model: 802  Serial#: 0
[  1392.910] (II) modeset(0): Year: 2018  Week: 1
[  1392.910] (II) modeset(0): EDID Version: 1.4
[  1392.910] (II) modeset(0): Digital Display Input
[  1392.910] (II) modeset(0): 6 bits per channel
[  1392.910] (II) modeset(0): Digital interface is DisplayPort
[  1392.910] (II) modeset(0): Max Image Size [cm]: horiz.: 34  vert.: 19
[  1392.910] (II) modeset(0): Gamma: 2.20
[  1392.910] (II) modeset(0): No DPMS capabilities specified
[  1392.910] (II) modeset(0): Supported color encodings: RGB 4:4:4 YCrCb 4:4:4 
[  1392.910] (II) modeset(0): First detailed timing is preferred mode
[  1392.910] (II) modeset(0): Preferred mode is native pixel format and refresh rate
[  1392.910] (II) modeset(0): redX: 0.590 redY: 0.350   greenX: 0.329 greenY: 0.555
[  1392.910] (II) modeset(0): blueX: 0.152 blueY: 0.118   whiteX: 0.312 whiteY: 0.328
[  1392.910] (II) modeset(0): Manufacturer's mask: 0
[  1392.910] (II) modeset(0): Supported detailed timing:
[  1392.910] (II) modeset(0): clock: 152.6 MHz   Image Size:  344 x 193 mm
[  1392.910] (II) modeset(0): h_active: 1920  h_sync: 1968  h_sync_end 2000 h_blank_end 2192 h_border: 0
[  1392.910] (II) modeset(0): v_active: 1080  v_sync: 1083  v_sync_end 1089 v_blanking: 1160 v_border: 0
[  1392.910] (II) modeset(0): Supported detailed timing:
[  1392.910] (II) modeset(0): clock: 113.1 MHz   Image Size:  344 x 193 mm
[  1392.910] (II) modeset(0): h_active: 1920  h_sync: 2020  h_sync_end 2120 h_blank_end 2142 h_border: 0
[  1392.910] (II) modeset(0): v_active: 1080  v_sync: 1100  v_sync_end 1120 v_blanking: 1100 v_border: 0
[  1392.910] (II) modeset(0):  M9P74NT15N41
[  1392.910] (II) modeset(0): Unknown vendor-specific block 0
[  1392.910] (II) modeset(0): EDID (in hex):
[  1392.910] (II) modeset(0): 	00ffffffffffff0009e5020800000000
[  1392.910] (II) modeset(0): 	011c0104952213780a24109759548e27
[  1392.910] (II) modeset(0): 	1e505400000001010101010101010101
[  1392.910] (II) modeset(0): 	0101010101019c3b8010713850403020
[  1392.910] (II) modeset(0): 	360058c11000001a2e2c80de70381440
[  1392.910] (II) modeset(0): 	6464440558c11000001a000000fe004d
[  1392.910] (II) modeset(0): 	39503734804e5431354e343100000000
[  1392.910] (II) modeset(0): 	0000412196001000000a010a20200059
[  1392.910] (II) modeset(0): Printing probed modes for output eDP-1
[  1392.910] (II) modeset(0): Modeline "1920x1080"x60.0  152.60  1920 1968 2000 2192  1080 1083 1089 1160 +hsync -vsync (69.6 kHz eP)
[  1392.910] (II) modeset(0): Modeline "1920x1080"x120.0  356.38  1920 2080 2288 2656  1080 1081 1084 1118 doublescan -hsync +vsync (134.2 kHz d)
[  1392.910] (II) modeset(0): Modeline "1920x1080"x119.9  266.50  1920 1944 1960 2000  1080 1081 1084 1111 doublescan +hsync -vsync (133.2 kHz d)
[  1392.910] (II) modeset(0): Modeline "1920x1080"x60.0  173.00  1920 2048 2248 2576  1080 1083 1088 1120 -hsync +vsync (67.2 kHz d)
[  1392.910] (II) modeset(0): Modeline "1920x1080"x59.9  138.50  1920 1968 2000 2080  1080 1083 1088 1111 +hsync -vsync (66.6 kHz d)
[  1392.910] (II) modeset(0): Modeline "1920x1080"x47.1  113.10  1920 2020 2120 2142  1080 1100 1120 1121 +hsync -vsync (52.8 kHz e)
[  1392.910] (II) modeset(0): Modeline "1680x1050"x60.0  146.25  1680 1784 1960 2240  1050 1053 1059 1089 -hsync +vsync (65.3 kHz d)
[  1392.910] (II) modeset(0): Modeline "1680x1050"x59.9  119.00  1680 1728 1760 1840  1050 1053 1059 1080 +hsync -vsync (64.7 kHz d)
[  1392.910] (II) modeset(0): Modeline "1600x1024"x60.2  103.12  1600 1600 1656 1664  1024 1024 1029 1030 +hsync +vsync (62.0 kHz d)
[  1392.910] (II) modeset(0): Modeline "1400x1050"x60.0  122.00  1400 1488 1640 1880  1050 1052 1064 1082 +hsync +vsync (64.9 kHz d)
[  1392.910] (II) modeset(0): Modeline "1600x900"x120.0  246.00  1600 1728 1900 2200  900 901 904 932 doublescan -hsync +vsync (111.8 kHz d)
[  1392.910] (II) modeset(0): Modeline "1600x900"x119.9  186.50  1600 1624 1640 1680  900 901 904 926 doublescan +hsync -vsync (111.0 kHz d)
[  1392.910] (II) modeset(0): Modeline "1600x900"x59.9  118.25  1600 1696 1856 2112  900 903 908 934 -hsync +vsync (56.0 kHz d)
[  1392.910] (II) modeset(0): Modeline "1600x900"x59.8   97.50  1600 1648 1680 1760  900 903 908 926 +hsync -vsync (55.4 kHz d)
[  1392.910] (II) modeset(0): Modeline "1280x1024"x60.0  108.00  1280 1328 1440 1688  1024 1025 1028 1066 +hsync +vsync (64.0 kHz d)
[  1392.910] (II) modeset(0): Modeline "1440x900"x59.9  106.50  1440 1520 1672 1904  900 903 909 934 -hsync +vsync (55.9 kHz d)
[  1392.910] (II) modeset(0): Modeline "1400x900"x60.0  103.50  1400 1480 1624 1848  900 903 913 934 -hsync +vsync (56.0 kHz d)
[  1392.910] (II) modeset(0): Modeline "1400x900"x59.9   86.50  1400 1448 1480 1560  900 903 913 926 +hsync -vsync (55.4 kHz d)
[  1392.910] (II) modeset(0): Modeline "1280x960"x60.0  108.00  1280 1376 1488 1800  960 961 964 1000 +hsync +vsync (60.0 kHz d)
[  1392.910] (II) modeset(0): Modeline "1440x810"x120.0  198.12  1440 1548 1704 1968  810 811 814 839 doublescan -hsync +vsync (100.7 kHz d)
[  1392.910] (II) modeset(0): Modeline "1440x810"x119.9  151.88  1440 1464 1480 1520  810 811 814 833 doublescan +hsync -vsync (99.9 kHz d)
[  1392.910] (II) modeset(0): Modeline "1368x768"x59.9   85.25  1368 1440 1576 1784  768 771 781 798 -hsync +vsync (47.8 kHz d)
[  1392.910] (II) modeset(0): Modeline "1368x768"x59.9   72.25  1368 1416 1448 1528  768 771 781 790 +hsync -vsync (47.3 kHz d)
[  1392.910] (II) modeset(0): Modeline "1360x768"x59.8   84.75  1360 1432 1568 1776  768 771 781 798 -hsync +vsync (47.7 kHz d)
[  1392.910] (II) modeset(0): Modeline "1360x768"x60.0   72.00  1360 1408 1440 1520  768 771 781 790 +hsync -vsync (47.4 kHz d)
[  1392.910] (II) modeset(0): Modeline "1280x800"x120.0  174.25  1280 1380 1516 1752  800 801 804 829 doublescan -hsync +vsync (99.5 kHz d)
[  1392.910] (II) modeset(0): Modeline "1280x800"x119.9  134.25  1280 1304 1320 1360  800 801 804 823 doublescan +hsync -vsync (98.7 kHz d)
[  1392.910] (II) modeset(0): Modeline "1280x800"x59.8   83.50  1280 1352 1480 1680  800 803 809 831 -hsync +vsync (49.7 kHz d)
[  1392.910] (II) modeset(0): Modeline "1280x800"x59.9   71.00  1280 1328 1360 1440  800 803 809 823 +hsync -vsync (49.3 kHz d)
[  1392.910] (II) modeset(0): Modeline "1152x864"x60.0   81.62  1152 1216 1336 1520  864 865 868 895 -hsync +vsync (53.7 kHz d)
[  1392.910] (II) modeset(0): Modeline "1280x720"x120.0  156.12  1280 1376 1512 1744  720 721 724 746 doublescan -hsync +vsync (89.5 kHz d)
[  1392.910] (II) modeset(0): Modeline "1280x720"x120.0  120.75  1280 1304 1320 1360  720 721 724 740 doublescan +hsync -vsync (88.8 kHz d)
[  1392.910] (II) modeset(0): Modeline "1280x720"x59.9   74.50  1280 1344 1472 1664  720 723 728 748 -hsync +vsync (44.8 kHz d)
[  1392.910] (II) modeset(0): Modeline "1280x720"x59.7   63.75  1280 1328 1360 1440  720 723 728 741 +hsync -vsync (44.3 kHz d)
[  1392.910] (II) modeset(0): Modeline "1024x768"x120.1  133.47  1024 1100 1212 1400  768 768 770 794 doublescan -hsync +vsync (95.3 kHz d)
[  1392.910] (II) modeset(0): Modeline "1024x768"x60.0   65.00  1024 1048 1184 1344  768 771 777 806 -hsync -vsync (48.4 kHz d)
[  1392.910] (II) modeset(0): Modeline "960x720"x120.0  117.00  960 1024 1128 1300  720 720 722 750 doublescan -hsync +vsync (90.0 kHz d)
[  1392.910] (II) modeset(0): Modeline "928x696"x120.1  109.15  928 976 1088 1264  696 696 698 719 doublescan -hsync +vsync (86.4 kHz d)
[  1392.910] (II) modeset(0): Modeline "896x672"x120.0  102.40  896 960 1060 1224  672 672 674 697 doublescan -hsync +vsync (83.7 kHz d)
[  1392.910] (II) modeset(0): Modeline "1024x576"x119.9   98.50  1024 1092 1200 1376  576 577 580 597 doublescan -hsync +vsync (71.6 kHz d)
[  1392.910] (II) modeset(0): Modeline "1024x576"x119.9   78.38  1024 1048 1064 1104  576 577 580 592 doublescan +hsync -vsync (71.0 kHz d)
[  1392.910] (II) modeset(0): Modeline "1024x576"x59.9   46.50  1024 1064 1160 1296  576 579 584 599 -hsync +vsync (35.9 kHz d)
[  1392.910] (II) modeset(0): Modeline "1024x576"x59.8   42.00  1024 1072 1104 1184  576 579 584 593 +hsync -vsync (35.5 kHz d)
[  1392.911] (II) modeset(0): Modeline "960x600"x119.9   96.62  960 1028 1128 1296  600 601 604 622 doublescan -hsync +vsync (74.6 kHz d)
[  1392.911] (II) modeset(0): Modeline "960x600"x120.0   77.00  960 984 1000 1040  600 601 604 617 doublescan +hsync -vsync (74.0 kHz d)
[  1392.911] (II) modeset(0): Modeline "960x540"x119.9   86.50  960 1024 1124 1288  540 541 544 560 doublescan -hsync +vsync (67.2 kHz d)
[  1392.911] (II) modeset(0): Modeline "960x540"x120.0   69.25  960 984 1000 1040  540 541 544 555 doublescan +hsync -vsync (66.6 kHz d)
[  1392.911] (II) modeset(0): Modeline "960x540"x59.6   40.75  960 992 1088 1216  540 543 548 562 -hsync +vsync (33.5 kHz d)
[  1392.911] (II) modeset(0): Modeline "960x540"x59.8   37.25  960 1008 1040 1120  540 543 548 556 +hsync -vsync (33.3 kHz d)
[  1392.911] (II) modeset(0): Modeline "800x600"x120.0   81.00  800 832 928 1080  600 600 602 625 doublescan +hsync +vsync (75.0 kHz d)
[  1392.911] (II) modeset(0): Modeline "800x600"x60.3   40.00  800 840 968 1056  600 601 605 628 +hsync +vsync (37.9 kHz d)
[  1392.911] (II) modeset(0): Modeline "800x600"x56.2   36.00  800 824 896 1024  600 601 603 625 +hsync +vsync (35.2 kHz d)
[  1392.911] (II) modeset(0): Modeline "840x525"x120.0   73.12  840 892 980 1120  525 526 529 544 doublescan -hsync +vsync (65.3 kHz d)
[  1392.911] (II) modeset(0): Modeline "840x525"x119.8   59.50  840 864 880 920  525 526 529 540 doublescan +hsync -vsync (64.7 kHz d)
[  1392.911] (II) modeset(0): Modeline "864x486"x59.9   32.50  864 888 968 1072  486 489 494 506 -hsync +vsync (30.3 kHz d)
[  1392.911] (II) modeset(0): Modeline "864x486"x59.6   30.50  864 912 944 1024  486 489 494 500 +hsync -vsync (29.8 kHz d)
[  1392.911] (II) modeset(0): Modeline "800x512"x120.3   51.56  800 800 828 832  512 512 514 515 doublescan +hsync +vsync (62.0 kHz d)
[  1392.911] (II) modeset(0): Modeline "700x525"x120.0   61.00  700 744 820 940  525 526 532 541 doublescan +hsync +vsync (64.9 kHz d)
[  1392.911] (II) modeset(0): Modeline "800x450"x119.9   59.12  800 848 928 1056  450 451 454 467 doublescan -hsync +vsync (56.0 kHz d)
[  1392.911] (II) modeset(0): Modeline "800x450"x119.6   48.75  800 824 840 880  450 451 454 463 doublescan +hsync -vsync (55.4 kHz d)
[  1392.911] (II) modeset(0): Modeline "640x512"x120.0   54.00  640 664 720 844  512 512 514 533 doublescan +hsync +vsync (64.0 kHz d)
[  1392.911] (II) modeset(0): Modeline "720x450"x119.8   53.25  720 760 836 952  450 451 454 467 doublescan -hsync +vsync (55.9 kHz d)
[  1392.911] (II) modeset(0): Modeline "700x450"x119.9   51.75  700 740 812 924  450 451 456 467 doublescan -hsync +vsync (56.0 kHz d)
[  1392.911] (II) modeset(0): Modeline "700x450"x119.8   43.25  700 724 740 780  450 451 456 463 doublescan +hsync -vsync (55.4 kHz d)
[  1392.911] (II) modeset(0): Modeline "640x480"x120.0   54.00  640 688 744 900  480 480 482 500 doublescan +hsync +vsync (60.0 kHz d)
[  1392.911] (II) modeset(0): Modeline "640x480"x59.9   25.18  640 656 752 800  480 490 492 525 -hsync -vsync (31.5 kHz d)
[  1392.911] (II) modeset(0): Modeline "720x405"x59.5   22.50  720 744 808 896  405 408 413 422 -hsync +vsync (25.1 kHz d)
[  1392.911] (II) modeset(0): Modeline "720x405"x59.0   21.75  720 768 800 880  405 408 413 419 +hsync -vsync (24.7 kHz d)
[  1392.911] (II) modeset(0): Modeline "684x384"x119.8   42.62  684 720 788 892  384 385 390 399 doublescan -hsync +vsync (47.8 kHz d)
[  1392.911] (II) modeset(0): Modeline "684x384"x119.7   36.12  684 708 724 764  384 385 390 395 doublescan +hsync -vsync (47.3 kHz d)
[  1392.911] (II) modeset(0): Modeline "680x384"x119.6   42.38  680 716 784 888  384 385 390 399 doublescan -hsync +vsync (47.7 kHz d)
[  1392.911] (II) modeset(0): Modeline "680x384"x119.9   36.00  680 704 720 760  384 385 390 395 doublescan +hsync -vsync (47.4 kHz d)
[  1392.911] (II) modeset(0): Modeline "640x400"x119.8   41.75  640 676 740 840  400 401 404 415 doublescan -hsync +vsync (49.7 kHz d)
[  1392.911] (II) modeset(0): Modeline "640x400"x120.0   35.50  640 664 680 720  400 401 404 411 doublescan +hsync -vsync (49.3 kHz d)
[  1392.911] (II) modeset(0): Modeline "576x432"x120.1   40.81  576 608 668 760  432 432 434 447 doublescan -hsync +vsync (53.7 kHz d)
[  1392.911] (II) modeset(0): Modeline "640x360"x119.7   37.25  640 672 736 832  360 361 364 374 doublescan -hsync +vsync (44.8 kHz d)
[  1392.911] (II) modeset(0): Modeline "640x360"x119.7   31.88  640 664 680 720  360 361 364 370 doublescan +hsync -vsync (44.3 kHz d)
[  1392.911] (II) modeset(0): Modeline "640x360"x59.8   18.00  640 664 720 800  360 363 368 376 -hsync +vsync (22.5 kHz d)
[  1392.911] (II) modeset(0): Modeline "640x360"x59.3   17.75  640 688 720 800  360 363 368 374 +hsync -vsync (22.2 kHz d)
[  1392.911] (II) modeset(0): Modeline "512x384"x120.0   32.50  512 524 592 672  384 385 388 403 doublescan -hsync -vsync (48.4 kHz d)
[  1392.911] (II) modeset(0): Modeline "512x288"x120.0   23.25  512 532 580 648  288 289 292 299 doublescan -hsync +vsync (35.9 kHz d)
[  1392.911] (II) modeset(0): Modeline "512x288"x119.8   21.00  512 536 552 592  288 289 292 296 doublescan +hsync -vsync (35.5 kHz d)
[  1392.911] (II) modeset(0): Modeline "480x270"x119.3   20.38  480 496 544 608  270 271 274 281 doublescan -hsync +vsync (33.5 kHz d)
[  1392.911] (II) modeset(0): Modeline "480x270"x119.6   18.62  480 504 520 560  270 271 274 278 doublescan +hsync -vsync (33.3 kHz d)
[  1392.911] (II) modeset(0): Modeline "400x300"x120.6   20.00  400 420 484 528  300 300 302 314 doublescan +hsync +vsync (37.9 kHz d)
[  1392.911] (II) modeset(0): Modeline "400x300"x112.7   18.00  400 412 448 512  300 300 301 312 doublescan +hsync +vsync (35.2 kHz d)
[  1392.911] (II) modeset(0): Modeline "432x243"x119.8   16.25  432 444 484 536  243 244 247 253 doublescan -hsync +vsync (30.3 kHz d)
[  1392.911] (II) modeset(0): Modeline "432x243"x119.1   15.25  432 456 472 512  243 244 247 250 doublescan +hsync -vsync (29.8 kHz d)
[  1392.911] (II) modeset(0): Modeline "320x240"x120.1   12.59  320 328 376 400  240 245 246 262 doublescan -hsync -vsync (31.5 kHz d)
[  1392.911] (II) modeset(0): Modeline "360x202"x119.0   11.25  360 372 404 448  202 204 206 211 doublescan -hsync +vsync (25.1 kHz d)
[  1392.911] (II) modeset(0): Modeline "360x202"x118.3   10.88  360 384 400 440  202 204 206 209 doublescan +hsync -vsync (24.7 kHz d)
[  1392.911] (II) modeset(0): Modeline "320x180"x119.7    9.00  320 332 360 400  180 181 184 188 doublescan -hsync +vsync (22.5 kHz d)
[  1392.911] (II) modeset(0): Modeline "320x180"x118.6    8.88  320 344 360 400  180 181 184 187 doublescan +hsync -vsync (22.2 kHz d)
[  1392.920] (II) modeset(0): EDID for output HDMI-1
[  1392.920] (II) modeset(0): Output eDP-1 connected
[  1392.920] (II) modeset(0): Output HDMI-1 disconnected
[  1392.920] (II) modeset(0): Using exact sizes for initial modes
[  1392.920] (II) modeset(0): Output eDP-1 using initial mode 1920x1080 +0+0
[  1392.920] (==) modeset(0): Using gamma correction (1.0, 1.0, 1.0)
[  1392.920] (==) modeset(0): DPI set to (96, 96)
[  1392.920] (II) Loading sub module "fb"
[  1392.920] (II) LoadModule: "fb"
[  1392.920] (II) Module "fb" already built-in
[  1392.920] (II) UnloadModule: "fbdev"
[  1392.920] (II) Unloading fbdev
[  1392.920] (II) UnloadSubModule: "fbdevhw"
[  1392.920] (II) Unloading fbdevhw
[  1392.920] (II) UnloadModule: "vesa"
[  1392.920] (II) Unloading vesa
[  1392.978] (==) modeset(0): Backing store enabled
[  1392.978] (==) modeset(0): Silken mouse enabled
[  1393.054] (II) modeset(0): Initializing kms color map for depth 24, 8 bpc.
[  1393.054] (==) modeset(0): DPMS enabled
[  1393.054] (II) modeset(0): [DRI2] Setup complete
[  1393.054] (II) modeset(0): [DRI2]   DRI driver: iris
[  1393.054] (II) modeset(0): [DRI2]   VDPAU driver: va_gl
[  1393.054] (II) Initializing extension Generic Event Extension
[  1393.054] (II) Initializing extension SHAPE
[  1393.055] (II) Initializing extension MIT-SHM
[  1393.055] (II) Initializing extension XInputExtension
[  1393.055] (II) Initializing extension XTEST
[  1393.055] (II) Initializing extension BIG-REQUESTS
[  1393.056] (II) Initializing extension SYNC
[  1393.056] (II) Initializing extension XKEYBOARD
[  1393.056] (II) Initializing extension XC-MISC
[  1393.056] (II) Initializing extension SECURITY
[  1393.057] (II) Initializing extension XFIXES
[  1393.057] (II) Initializing extension RENDER
[  1393.057] (II) Initializing extension RANDR
[  1393.058] (II) Initializing extension COMPOSITE
[  1393.058] (II) Initializing extension DAMAGE
[  1393.058] (II) Initializing extension MIT-SCREEN-SAVER
[  1393.058] (II) Initializing extension DOUBLE-BUFFER
[  1393.059] (II) Initializing extension RECORD
[  1393.059] (II) Initializing extension DPMS
[  1393.059] (II) Initializing extension Present
[  1393.059] (II) Initializing extension DRI3
[  1393.060] (II) Initializing extension X-Resource
[  1393.060] (II) Initializing extension XVideo
[  1393.060] (II) Initializing extension XVideo-MotionCompensation
[  1393.060] (II) Initializing extension SELinux
[  1393.060] (II) SELinux: Disabled on system
[  1393.060] (II) Initializing extension GLX
[  1393.079] (II) AIGLX: Loaded and initialized iris
[  1393.079] (II) GLX: Initialized DRI2 GL provider for screen 0
[  1393.079] (II) Initializing extension XFree86-VidModeExtension
[  1393.080] (II) Initializing extension XFree86-DGA
[  1393.080] (II) Initializing extension XFree86-DRI
[  1393.080] (II) Initializing extension DRI2
[  1393.081] (II) modeset(0): Damage tracking initialized
[  1393.081] (II) modeset(0): Setting screen physical size to 508 x 285
[  1393.132] (II) config/udev: Adding input device Power Button (/dev/input/event3)
[  1393.132] (**) Power Button: Applying InputClass "libinput keyboard catchall"
[  1393.132] (II) LoadModule: "libinput"
[  1393.132] (II) Loading /usr/lib/xorg/modules/input/libinput_drv.so
[  1393.133] (II) Module libinput: vendor="X.Org Foundation"
[  1393.133] 	compiled for 1.20.14, module version = 1.2.1
[  1393.133] 	Module class: X.Org XInput Driver
[  1393.133] 	ABI class: X.Org XInput driver, version 24.1
[  1393.133] (II) Using input driver 'libinput' for 'Power Button'
[  1393.134] (II) systemd-logind: got fd for /dev/input/event3 13:67 fd 27 paused 0
[  1393.134] (**) Power Button: always reports core events
[  1393.134] (**) Option "Device" "/dev/input/event3"
[  1393.137] (II) event3  - Power Button: is tagged by udev as: Keyboard
[  1393.137] (II) event3  - Power Button: device is a keyboard
[  1393.137] (II) event3  - Power Button: device removed
[  1393.137] (**) Option "config_info" "udev:/sys/devices/LNXSYSTM:00/LNXPWRBN:00/input/input3/event3"
[  1393.137] (II) XINPUT: Adding extended input device "Power Button" (type: KEYBOARD, id 6)
[  1393.137] (**) Option "xkb_model" "pc105"
[  1393.137] (**) Option "xkb_layout" "pl"
[  1393.155] (II) event3  - Power Button: is tagged by udev as: Keyboard
[  1393.155] (II) event3  - Power Button: device is a keyboard
[  1393.155] (II) config/udev: Adding input device Video Bus (/dev/input/event7)
[  1393.155] (**) Video Bus: Applying InputClass "libinput keyboard catchall"
[  1393.155] (II) Using input driver 'libinput' for 'Video Bus'
[  1393.156] (II) systemd-logind: got fd for /dev/input/event7 13:71 fd 30 paused 0
[  1393.156] (**) Video Bus: always reports core events
[  1393.156] (**) Option "Device" "/dev/input/event7"
[  1393.157] (II) event7  - Video Bus: is tagged by udev as: Keyboard
[  1393.157] (II) event7  - Video Bus: device is a keyboard
[  1393.157] (II) event7  - Video Bus: device removed
[  1393.157] (**) Option "config_info" "udev:/sys/devices/LNXSYSTM:00/LNXSYBUS:00/PNP0A08:00/LNXVIDEO:00/input/input16/event7"
[  1393.157] (II) XINPUT: Adding extended input device "Video Bus" (type: KEYBOARD, id 7)
[  1393.157] (**) Option "xkb_model" "pc105"
[  1393.157] (**) Option "xkb_layout" "pl"
[  1393.158] (II) event7  - Video Bus: is tagged by udev as: Keyboard
[  1393.158] (II) event7  - Video Bus: device is a keyboard
[  1393.158] (II) config/udev: Adding input device Power Button (/dev/input/event1)
[  1393.159] (**) Power Button: Applying InputClass "libinput keyboard catchall"
[  1393.159] (II) Using input driver 'libinput' for 'Power Button'
[  1393.159] (II) systemd-logind: got fd for /dev/input/event1 13:65 fd 31 paused 0
[  1393.159] (**) Power Button: always reports core events
[  1393.159] (**) Option "Device" "/dev/input/event1"
[  1393.160] (II) event1  - Power Button: is tagged by udev as: Keyboard
[  1393.160] (II) event1  - Power Button: device is a keyboard
[  1393.160] (II) event1  - Power Button: device removed
[  1393.160] (**) Option "config_info" "udev:/sys/devices/LNXSYSTM:00/LNXSYBUS:00/PNP0C0C:00/input/input1/event1"
[  1393.160] (II) XINPUT: Adding extended input device "Power Button" (type: KEYBOARD, id 8)
[  1393.160] (**) Option "xkb_model" "pc105"
[  1393.160] (**) Option "xkb_layout" "pl"
[  1393.161] (II) event1  - Power Button: is tagged by udev as: Keyboard
[  1393.161] (II) event1  - Power Button: device is a keyboard
[  1393.161] (II) config/udev: Adding input device Lid Switch (/dev/input/event0)
[  1393.161] (II) No input driver specified, ignoring this device.
[  1393.161] (II) This device may have been added with another device file.
[  1393.162] (II) config/udev: Adding input device Sleep Button (/dev/input/event2)
[  1393.162] (**) Sleep Button: Applying InputClass "libinput keyboard catchall"
[  1393.162] (II) Using input driver 'libinput' for 'Sleep Button'
[  1393.162] (II) systemd-logind: got fd for /dev/input/event2 13:66 fd 32 paused 0
[  1393.162] (**) Sleep Button: always reports core events
[  1393.162] (**) Option "Device" "/dev/input/event2"
[  1393.163] (II) event2  - Sleep Button: is tagged by udev as: Keyboard
[  1393.163] (II) event2  - Sleep Button: device is a keyboard
[  1393.163] (II) event2  - Sleep Button: device removed
[  1393.163] (**) Option "config_info" "udev:/sys/devices/LNXSYSTM:00/LNXSYBUS:00/PNP0C0E:00/input/input2/event2"
[  1393.163] (II) XINPUT: Adding extended input device "Sleep Button" (type: KEYBOARD, id 9)
[  1393.163] (**) Option "xkb_model" "pc105"
[  1393.163] (**) Option "xkb_layout" "pl"
[  1393.164] (II) event2  - Sleep Button: is tagged by udev as: Keyboard
[  1393.164] (II) event2  - Sleep Button: device is a keyboard
[  1393.165] (II) config/udev: Adding input device Logitech Wireless Mouse (/dev/input/event8)
[  1393.165] (**) Logitech Wireless Mouse: Applying InputClass "libinput pointer catchall"
[  1393.165] (II) Using input driver 'libinput' for 'Logitech Wireless Mouse'
[  1393.166] (II) systemd-logind: got fd for /dev/input/event8 13:72 fd 33 paused 0
[  1393.166] (**) Logitech Wireless Mouse: always reports core events
[  1393.166] (**) Option "Device" "/dev/input/event8"
[  1393.167] (II) event8  - Logitech Wireless Mouse: is tagged by udev as: Mouse
[  1393.167] (II) event8  - Logitech Wireless Mouse: device is a pointer
[  1393.167] (II) event8  - Logitech Wireless Mouse: device removed
[  1393.167] (**) Option "config_info" "udev:/sys/devices/pci0000:00/0000:00:14.0/usb1/1-3/1-3:1.1/0003:046D:C534.0003/0003:046D:4054.0004/input/input21/event8"
[  1393.167] (II) XINPUT: Adding extended input device "Logitech Wireless Mouse" (type: MOUSE, id 10)
[  1393.168] (**) Option "AccelerationScheme" "none"
[  1393.168] (**) Logitech Wireless Mouse: (accel) selected scheme none/0
[  1393.168] (**) Logitech Wireless Mouse: (accel) acceleration factor: 2.000
[  1393.168] (**) Logitech Wireless Mouse: (accel) acceleration threshold: 4
[  1393.169] (II) event8  - Logitech Wireless Mouse: is tagged by udev as: Mouse
[  1393.169] (II) event8  - Logitech Wireless Mouse: device is a pointer
[  1393.170] (II) config/udev: Adding input device Logitech Wireless Mouse (/dev/input/mouse2)
[  1393.170] (II) No input driver specified, ignoring this device.
[  1393.170] (II) This device may have been added with another device file.
[  1393.170] (II) config/udev: Adding input device Integrated_Webcam_HD: Integrate (/dev/input/event19)
[  1393.170] (**) Integrated_Webcam_HD: Integrate: Applying InputClass "libinput keyboard catchall"
[  1393.170] (II) Using input driver 'libinput' for 'Integrated_Webcam_HD: Integrate'
[  1393.171] (II) systemd-logind: got fd for /dev/input/event19 13:83 fd 34 paused 0
[  1393.171] (**) Integrated_Webcam_HD: Integrate: always reports core events
[  1393.171] (**) Option "Device" "/dev/input/event19"
[  1393.172] (II) event19 - Integrated_Webcam_HD: Integrate: is tagged by udev as: Keyboard
[  1393.172] (II) event19 - Integrated_Webcam_HD: Integrate: device is a keyboard
[  1393.172] (II) event19 - Integrated_Webcam_HD: Integrate: device removed
[  1393.172] (**) Option "config_info" "udev:/sys/devices/pci0000:00/0000:00:14.0/usb1/1-6/1-6:1.0/input/input34/event19"
[  1393.172] (II) XINPUT: Adding extended input device "Integrated_Webcam_HD: Integrate" (type: KEYBOARD, id 11)
[  1393.172] (**) Option "xkb_model" "pc105"
[  1393.172] (**) Option "xkb_layout" "pl"
[  1393.173] (II) event19 - Integrated_Webcam_HD: Integrate: is tagged by udev as: Keyboard
[  1393.173] (II) event19 - Integrated_Webcam_HD: Integrate: device is a keyboard
[  1393.174] (II) config/udev: Adding input device DELL08CA:00 04F3:30C4 Mouse (/dev/input/event5)
[  1393.174] (**) DELL08CA:00 04F3:30C4 Mouse: Applying InputClass "libinput pointer catchall"
[  1393.174] (II) Using input driver 'libinput' for 'DELL08CA:00 04F3:30C4 Mouse'
[  1393.174] (II) systemd-logind: got fd for /dev/input/event5 13:69 fd 35 paused 0
[  1393.174] (**) DELL08CA:00 04F3:30C4 Mouse: always reports core events
[  1393.174] (**) Option "Device" "/dev/input/event5"
[  1393.175] (II) event5  - DELL08CA:00 04F3:30C4 Mouse: is tagged by udev as: Mouse Pointingstick
[  1393.175] (II) event5  - DELL08CA:00 04F3:30C4 Mouse: device is a pointer
[  1393.176] (II) event5  - DELL08CA:00 04F3:30C4 Mouse: device removed
[  1393.176] (**) Option "config_info" "udev:/sys/devices/pci0000:00/0000:00:15.0/i2c_designware.0/i2c-0/i2c-DELL08CA:00/0018:04F3:30C4.0001/input/input24/event5"
[  1393.176] (II) XINPUT: Adding extended input device "DELL08CA:00 04F3:30C4 Mouse" (type: MOUSE, id 12)
[  1393.176] (**) Option "AccelerationScheme" "none"
[  1393.176] (**) DELL08CA:00 04F3:30C4 Mouse: (accel) selected scheme none/0
[  1393.176] (**) DELL08CA:00 04F3:30C4 Mouse: (accel) acceleration factor: 2.000
[  1393.176] (**) DELL08CA:00 04F3:30C4 Mouse: (accel) acceleration threshold: 4
[  1393.177] (II) event5  - DELL08CA:00 04F3:30C4 Mouse: is tagged by udev as: Mouse Pointingstick
[  1393.177] (II) event5  - DELL08CA:00 04F3:30C4 Mouse: device is a pointer
[  1393.178] (II) config/udev: Adding input device DELL08CA:00 04F3:30C4 Mouse (/dev/input/mouse0)
[  1393.178] (II) No input driver specified, ignoring this device.
[  1393.178] (II) This device may have been added with another device file.
[  1393.179] (II) config/udev: Adding input device DELL08CA:00 04F3:30C4 Touchpad (/dev/input/event6)
[  1393.179] (**) DELL08CA:00 04F3:30C4 Touchpad: Applying InputClass "libinput touchpad catchall"
[  1393.179] (II) Using input driver 'libinput' for 'DELL08CA:00 04F3:30C4 Touchpad'
[  1393.179] (II) systemd-logind: got fd for /dev/input/event6 13:70 fd 36 paused 0
[  1393.179] (**) DELL08CA:00 04F3:30C4 Touchpad: always reports core events
[  1393.179] (**) Option "Device" "/dev/input/event6"
[  1393.180] (II) event6  - DELL08CA:00 04F3:30C4 Touchpad: is tagged by udev as: Touchpad
[  1393.182] (II) event6  - DELL08CA:00 04F3:30C4 Touchpad: device is a touchpad
[  1393.182] (II) event6  - DELL08CA:00 04F3:30C4 Touchpad: device removed
[  1393.182] (**) Option "config_info" "udev:/sys/devices/pci0000:00/0000:00:15.0/i2c_designware.0/i2c-0/i2c-DELL08CA:00/0018:04F3:30C4.0001/input/input25/event6"
[  1393.182] (II) XINPUT: Adding extended input device "DELL08CA:00 04F3:30C4 Touchpad" (type: TOUCHPAD, id 13)
[  1393.184] (**) Option "AccelerationScheme" "none"
[  1393.184] (**) DELL08CA:00 04F3:30C4 Touchpad: (accel) selected scheme none/0
[  1393.184] (**) DELL08CA:00 04F3:30C4 Touchpad: (accel) acceleration factor: 2.000
[  1393.184] (**) DELL08CA:00 04F3:30C4 Touchpad: (accel) acceleration threshold: 4
[  1393.184] (II) event6  - DELL08CA:00 04F3:30C4 Touchpad: is tagged by udev as: Touchpad
[  1393.186] (II) event6  - DELL08CA:00 04F3:30C4 Touchpad: device is a touchpad
[  1393.187] (II) config/udev: Adding input device DELL08CA:00 04F3:30C4 Touchpad (/dev/input/mouse1)
[  1393.187] (II) No input driver specified, ignoring this device.
[  1393.187] (II) This device may have been added with another device file.
[  1393.187] (II) config/udev: Adding input device HDA Intel PCH Headphone Mic (/dev/input/event13)
[  1393.187] (II) No input driver specified, ignoring this device.
[  1393.187] (II) This device may have been added with another device file.
[  1393.187] (II) config/udev: Adding input device HDA Intel PCH HDMI/DP,pcm=3 (/dev/input/event14)
[  1393.187] (II) No input driver specified, ignoring this device.
[  1393.187] (II) This device may have been added with another device file.
[  1393.188] (II) config/udev: Adding input device HDA Intel PCH HDMI/DP,pcm=7 (/dev/input/event15)
[  1393.188] (II) No input driver specified, ignoring this device.
[  1393.188] (II) This device may have been added with another device file.
[  1393.188] (II) config/udev: Adding input device HDA Intel PCH HDMI/DP,pcm=8 (/dev/input/event16)
[  1393.188] (II) No input driver specified, ignoring this device.
[  1393.188] (II) This device may have been added with another device file.
[  1393.188] (II) config/udev: Adding input device HDA Intel PCH HDMI/DP,pcm=9 (/dev/input/event17)
[  1393.188] (II) No input driver specified, ignoring this device.
[  1393.188] (II) This device may have been added with another device file.
[  1393.189] (II) config/udev: Adding input device HDA Intel PCH HDMI/DP,pcm=10 (/dev/input/event18)
[  1393.189] (II) No input driver specified, ignoring this device.
[  1393.189] (II) This device may have been added with another device file.
[  1393.189] (II) config/udev: Adding input device Intel HID events (/dev/input/event10)
[  1393.189] (**) Intel HID events: Applying InputClass "libinput keyboard catchall"
[  1393.189] (II) Using input driver 'libinput' for 'Intel HID events'
[  1393.190] (II) systemd-logind: got fd for /dev/input/event10 13:74 fd 37 paused 0
[  1393.190] (**) Intel HID events: always reports core events
[  1393.190] (**) Option "Device" "/dev/input/event10"
[  1393.190] (II) event10 - Intel HID events: is tagged by udev as: Keyboard
[  1393.190] (II) event10 - Intel HID events: device is a keyboard
[  1393.190] (II) event10 - Intel HID events: device removed
[  1393.190] (**) Option "config_info" "udev:/sys/devices/platform/INT33D5:00/input/input22/event10"
[  1393.190] (II) XINPUT: Adding extended input device "Intel HID events" (type: KEYBOARD, id 14)
[  1393.190] (**) Option "xkb_model" "pc105"
[  1393.190] (**) Option "xkb_layout" "pl"
[  1393.191] (II) event10 - Intel HID events: is tagged by udev as: Keyboard
[  1393.191] (II) event10 - Intel HID events: device is a keyboard
[  1393.192] (II) config/udev: Adding input device Intel HID 5 button array (/dev/input/event11)
[  1393.192] (**) Intel HID 5 button array: Applying InputClass "libinput keyboard catchall"
[  1393.192] (II) Using input driver 'libinput' for 'Intel HID 5 button array'
[  1393.192] (II) systemd-logind: got fd for /dev/input/event11 13:75 fd 38 paused 0
[  1393.192] (**) Intel HID 5 button array: always reports core events
[  1393.192] (**) Option "Device" "/dev/input/event11"
[  1393.193] (II) event11 - Intel HID 5 button array: is tagged by udev as: Keyboard
[  1393.193] (II) event11 - Intel HID 5 button array: device is a keyboard
[  1393.193] (II) event11 - Intel HID 5 button array: device removed
[  1393.193] (**) Option "config_info" "udev:/sys/devices/platform/INT33D5:00/input/input23/event11"
[  1393.193] (II) XINPUT: Adding extended input device "Intel HID 5 button array" (type: KEYBOARD, id 15)
[  1393.193] (**) Option "xkb_model" "pc105"
[  1393.193] (**) Option "xkb_layout" "pl"
[  1393.194] (II) event11 - Intel HID 5 button array: is tagged by udev as: Keyboard
[  1393.194] (II) event11 - Intel HID 5 button array: device is a keyboard
[  1393.194] (II) config/udev: Adding input device Dell WMI hotkeys (/dev/input/event12)
[  1393.194] (**) Dell WMI hotkeys: Applying InputClass "libinput keyboard catchall"
[  1393.194] (II) Using input driver 'libinput' for 'Dell WMI hotkeys'
[  1393.195] (II) systemd-logind: got fd for /dev/input/event12 13:76 fd 39 paused 0
[  1393.195] (**) Dell WMI hotkeys: always reports core events
[  1393.195] (**) Option "Device" "/dev/input/event12"
[  1393.195] (II) event12 - Dell WMI hotkeys: is tagged by udev as: Keyboard
[  1393.195] (II) event12 - Dell WMI hotkeys: device is a keyboard
[  1393.196] (II) event12 - Dell WMI hotkeys: device removed
[  1393.196] (**) Option "config_info" "udev:/sys/devices/platform/PNP0C14:02/wmi_bus/wmi_bus-PNP0C14:02/9DBB5994-A997-11DA-B012-B622A1EF5492/input/input27/event12"
[  1393.196] (II) XINPUT: Adding extended input device "Dell WMI hotkeys" (type: KEYBOARD, id 16)
[  1393.196] (**) Option "xkb_model" "pc105"
[  1393.196] (**) Option "xkb_layout" "pl"
[  1393.196] (II) event12 - Dell WMI hotkeys: is tagged by udev as: Keyboard
[  1393.196] (II) event12 - Dell WMI hotkeys: device is a keyboard
[  1393.198] (II) config/udev: Adding input device AT Translated Set 2 keyboard (/dev/input/event4)
[  1393.198] (**) AT Translated Set 2 keyboard: Applying InputClass "libinput keyboard catchall"
[  1393.198] (II) Using input driver 'libinput' for 'AT Translated Set 2 keyboard'
[  1393.198] (II) systemd-logind: got fd for /dev/input/event4 13:68 fd 40 paused 0
[  1393.198] (**) AT Translated Set 2 keyboard: always reports core events
[  1393.198] (**) Option "Device" "/dev/input/event4"
[  1393.199] (II) event4  - AT Translated Set 2 keyboard: is tagged by udev as: Keyboard
[  1393.199] (II) event4  - AT Translated Set 2 keyboard: device is a keyboard
[  1393.200] (II) event4  - AT Translated Set 2 keyboard: device removed
[  1393.200] (**) Option "config_info" "udev:/sys/devices/platform/i8042/serio0/input/input4/event4"
[  1393.200] (II) XINPUT: Adding extended input device "AT Translated Set 2 keyboard" (type: KEYBOARD, id 17)
[  1393.200] (**) Option "xkb_model" "pc105"
[  1393.200] (**) Option "xkb_layout" "pl"
[  1393.201] (II) event4  - AT Translated Set 2 keyboard: is tagged by udev as: Keyboard
[  1393.201] (II) event4  - AT Translated Set 2 keyboard: device is a keyboard
[  1393.202] (II) config/udev: Adding input device ImPS/2 Logitech Wheel Mouse (/dev/input/event9)
[  1393.202] (**) ImPS/2 Logitech Wheel Mouse: Applying InputClass "libinput pointer catchall"
[  1393.202] (II) Using input driver 'libinput' for 'ImPS/2 Logitech Wheel Mouse'
[  1393.203] (II) systemd-logind: got fd for /dev/input/event9 13:73 fd 41 paused 0
[  1393.203] (**) ImPS/2 Logitech Wheel Mouse: always reports core events
[  1393.203] (**) Option "Device" "/dev/input/event9"
[  1393.204] (II) event9  - ImPS/2 Logitech Wheel Mouse: is tagged by udev as: Mouse
[  1393.205] (II) event9  - ImPS/2 Logitech Wheel Mouse: device set to 400 DPI
[  1393.205] (II) event9  - ImPS/2 Logitech Wheel Mouse: device is a pointer
[  1393.205] (II) event9  - ImPS/2 Logitech Wheel Mouse: device removed
[  1393.205] (**) Option "config_info" "udev:/sys/devices/platform/i8042/serio1/input/input38/event9"
[  1393.205] (II) XINPUT: Adding extended input device "ImPS/2 Logitech Wheel Mouse" (type: MOUSE, id 18)
[  1393.205] (**) Option "AccelerationScheme" "none"
[  1393.205] (**) ImPS/2 Logitech Wheel Mouse: (accel) selected scheme none/0
[  1393.205] (**) ImPS/2 Logitech Wheel Mouse: (accel) acceleration factor: 2.000
[  1393.205] (**) ImPS/2 Logitech Wheel Mouse: (accel) acceleration threshold: 4
[  1393.206] (II) event9  - ImPS/2 Logitech Wheel Mouse: is tagged by udev as: Mouse
[  1393.206] (II) event9  - ImPS/2 Logitech Wheel Mouse: device set to 400 DPI
[  1393.206] (II) event9  - ImPS/2 Logitech Wheel Mouse: device is a pointer
[  1393.207] (II) config/udev: Adding input device ImPS/2 Logitech Wheel Mouse (/dev/input/mouse3)
[  1393.207] (II) No input driver specified, ignoring this device.
[  1393.207] (II) This device may have been added with another device file.
[  1394.128] (**) Option "fd" "27"
[  1394.128] (II) event3  - Power Button: device removed
[  1394.128] (**) Option "fd" "30"
[  1394.128] (II) event7  - Video Bus: device removed
[  1394.128] (**) Option "fd" "31"
[  1394.128] (II) event1  - Power Button: device removed
[  1394.128] (**) Option "fd" "32"
[  1394.128] (II) event2  - Sleep Button: device removed
[  1394.128] (**) Option "fd" "33"
[  1394.128] (II) event8  - Logitech Wireless Mouse: device removed
[  1394.128] (**) Option "fd" "34"
[  1394.128] (II) event19 - Integrated_Webcam_HD: Integrate: device removed
[  1394.128] (**) Option "fd" "35"
[  1394.128] (II) event5  - DELL08CA:00 04F3:30C4 Mouse: device removed
[  1394.128] (**) Option "fd" "36"
[  1394.128] (II) event6  - DELL08CA:00 04F3:30C4 Touchpad: device removed
[  1394.128] (**) Option "fd" "37"
[  1394.128] (II) event10 - Intel HID events: device removed
[  1394.128] (**) Option "fd" "38"
[  1394.128] (II) event11 - Intel HID 5 button array: device removed
[  1394.128] (**) Option "fd" "39"
[  1394.128] (II) event12 - Dell WMI hotkeys: device removed
[  1394.128] (**) Option "fd" "40"
[  1394.128] (II) event4  - AT Translated Set 2 keyboard: device removed
[  1394.128] (**) Option "fd" "41"
[  1394.128] (II) event9  - ImPS/2 Logitech Wheel Mouse: device removed
[  1394.137] (II) UnloadModule: "libinput"
[  1394.137] (II) systemd-logind: releasing fd for 13:73
[  1394.181] (II) UnloadModule: "libinput"
[  1394.181] (II) systemd-logind: releasing fd for 13:68
[  1394.197] (II) UnloadModule: "libinput"
[  1394.197] (II) systemd-logind: releasing fd for 13:76
[  1394.209] (II) UnloadModule: "libinput"
[  1394.209] (II) systemd-logind: releasing fd for 13:75
[  1394.233] (II) UnloadModule: "libinput"
[  1394.233] (II) systemd-logind: releasing fd for 13:74
[  1394.253] (II) UnloadModule: "libinput"
[  1394.253] (II) systemd-logind: releasing fd for 13:70
[  1394.301] (II) UnloadModule: "libinput"
[  1394.301] (II) systemd-logind: releasing fd for 13:69
[  1394.349] (II) UnloadModule: "libinput"
[  1394.349] (II) systemd-logind: releasing fd for 13:83
[  1394.393] (II) UnloadModule: "libinput"
[  1394.393] (II) systemd-logind: releasing fd for 13:72
[  1394.437] (II) UnloadModule: "libinput"
[  1394.437] (II) systemd-logind: releasing fd for 13:66
[  1394.457] (II) UnloadModule: "libinput"
[  1394.457] (II) systemd-logind: releasing fd for 13:65
[  1394.477] (II) UnloadModule: "libinput"
[  1394.477] (II) systemd-logind: releasing fd for 13:71
[  1394.501] (II) UnloadModule: "libinput"
[  1394.501] (II) systemd-logind: releasing fd for 13:67
[  1394.565] (II) Server terminated successfully (0). Closing log file.
